<?xml version="1.0" encoding="UTF-8"?>
<!-- Generated by org.testng.reporters.JUnitReportReporter -->
<testsuite skipped="1" hostname="DESKTOP-4NDN0OD" name="com.day1Project.day3" tests="7" failures="0" timestamp="16 Feb 2023 06:39:39 GMT" time="0.026" errors="0">
  <testcase name="webLogicLoan" time="0.001" classname="com.day1Project.day3"/>
  <testcase name="webLogicLoan" time="0.002" classname="com.day1Project.day3"/>
  <testcase name="webLoginCArLoan" time="0.018" classname="com.day1Project.day3"/>
  <testcase name="webLogicLoan" time="0.001" classname="com.day1Project.day3"/>
  <testcase name="APICArLoan" time="0.001" classname="com.day1Project.day3"/>
  <testcase name="Tax" time="0.003" classname="com.day1Project.day3"/>
  <testcase name="InsuranceCArLoan" classname="com.day1Project.day3">
    <skipped/>
  </testcase> <!-- InsuranceCArLoan -->
</testsuite> <!-- com.day1Project.day3 -->
