<?xml version="1.0" encoding="UTF-8"?>
<!-- Generated by org.testng.reporters.JUnitReportReporter -->
<testsuite skipped="0" hostname="DESKTOP-4NDN0OD" name="com.day1Project.day1" tests="2" failures="0" timestamp="16 Feb 2023 06:39:39 GMT" time="0.004" errors="0">
  <testcase name="pLoan" time="0.003" classname="com.day1Project.day1"/>
  <testcase name="prerequiste" time="0.001" classname="com.day1Project.day1"/>
</testsuite> <!-- com.day1Project.day1 -->
