<?xml version="1.0" encoding="UTF-8"?>
<!-- Generated by org.testng.reporters.JUnitReportReporter -->
<testsuite skipped="0" hostname="DESKTOP-4NDN0OD" name="com.Flipakart.App2" tests="1" failures="0" timestamp="16 Feb 2023 06:39:39 GMT" time="0.000" errors="0">
  <testcase name="Demo2" time="0.000" classname="com.Flipakart.App2"/>
</testsuite> <!-- com.Flipakart.App2 -->
