<?xml version="1.0" encoding="UTF-8"?>
<!-- Generated by org.testng.reporters.JUnitReportReporter -->
<testsuite skipped="0" hostname="DESKTOP-4NDN0OD" name="com.Flipakart.day3" tests="3" failures="0" timestamp="16 Feb 2023 06:39:39 GMT" time="0.005" errors="0">
  <testcase name="InsuranceCArLoan" time="0.003" classname="com.Flipakart.day3"/>
  <testcase name="webLoginCArLoan" time="0.001" classname="com.Flipakart.day3"/>
  <testcase name="APICArLoan" time="0.001" classname="com.Flipakart.day3"/>
</testsuite> <!-- com.Flipakart.day3 -->
