<?xml version="1.0" encoding="UTF-8"?>
<!-- Generated by org.testng.reporters.JUnitReportReporter -->
<testsuite hostname="DESKTOP-4NDN0OD" failures="0" tests="1" name="com.Flipakart.App2" time="0.011" errors="0" timestamp="2023-02-03T07:10:39 IST" skipped="0">
  <testcase classname="com.Flipakart.App2" name="Demo2" time="0.011"/>
  <system-out/>
</testsuite> <!-- com.Flipakart.App2 -->
