<?xml version="1.0" encoding="UTF-8"?>
<!-- Generated by org.testng.reporters.JUnitReportReporter -->
<testsuite hostname="DESKTOP-4NDN0OD" failures="0" tests="2" name="com.Flipakart.TestngDemo" time="0.007" errors="0" timestamp="2023-02-03T07:10:39 IST" skipped="0">
  <testcase classname="com.Flipakart.TestngDemo" name="FirstApp" time="0.003"/>
  <system-out/>
  <testcase classname="com.Flipakart.TestngDemo" name="SecondApp" time="0.004"/>
  <system-out/>
</testsuite> <!-- com.Flipakart.TestngDemo -->
