<?xml version="1.0" encoding="UTF-8"?>
<!-- Generated by org.testng.reporters.JUnitReportReporter -->
<testsuite hostname="DESKTOP-4NDN0OD" failures="0" tests="7" name="com.day1Project.day3" time="0.040" errors="0" timestamp="2023-02-03T07:10:39 IST" skipped="1">
  <testcase classname="com.day1Project.day3" name="webLogicLoan" time="0.009"/>
  <system-out/>
  <testcase classname="com.day1Project.day3" name="webLogicLoan" time="0.007"/>
  <system-out/>
  <testcase classname="com.day1Project.day3" name="APICArLoan" time="0.002"/>
  <system-out/>
  <testcase classname="com.day1Project.day3" name="webLoginCArLoan" time="0.016"/>
  <system-out/>
  <testcase classname="com.day1Project.day3" name="webLogicLoan" time="0.003"/>
  <system-out/>
  <testcase classname="com.day1Project.day3" name="Tax" time="0.003"/>
  <system-out/>
  <testcase classname="com.day1Project.day3" name="InsuranceCArLoan">
    <skipped/>
  </testcase> <!-- InsuranceCArLoan -->
  <system-out/>
</testsuite> <!-- com.day1Project.day3 -->
