<?xml version="1.0" encoding="UTF-8"?>
<!-- Generated by org.testng.reporters.JUnitReportReporter -->
<testsuite hostname="DESKTOP-4NDN0OD" failures="0" tests="3" name="com.Flipakart.day3" time="0.017" errors="0" timestamp="2023-02-03T07:10:39 IST" skipped="0">
  <testcase classname="com.Flipakart.day3" name="webLoginCArLoan" time="0.005"/>
  <system-out/>
  <testcase classname="com.Flipakart.day3" name="InsuranceCArLoan" time="0.005"/>
  <system-out/>
  <testcase classname="com.Flipakart.day3" name="APICArLoan" time="0.007"/>
  <system-out/>
</testsuite> <!-- com.Flipakart.day3 -->
