<?xml version="1.0" encoding="UTF-8"?>
<!-- Generated by org.testng.reporters.JUnitReportReporter -->
<testsuite hostname="DESKTOP-4NDN0OD" failures="0" tests="3" name="testngProject.day2" time="0.052" errors="0" timestamp="2023-02-03T07:05:53 IST" skipped="0">
  <testcase classname="testngProject.day2" name="m11" time="0.030"/>
  <system-out/>
  <testcase classname="testngProject.day2" name="m12" time="0.007"/>
  <system-out/>
  <testcase classname="testngProject.day2" name="FIFAWorlCup" time="0.015"/>
  <system-out/>
</testsuite> <!-- testngProject.day2 -->
