<?xml version="1.0" encoding="UTF-8"?>
<!-- Generated by org.testng.reporters.JUnitReportReporter -->
<testsuite hostname="DESKTOP-4NDN0OD" failures="0" tests="7" name="testngProject.day1" time="0.056" errors="0" timestamp="2023-02-03T07:07:51 IST" skipped="0">
  <testcase classname="testngProject.day1" name="m2" time="0.006"/>
  <system-out/>
  <testcase classname="testngProject.day1" name="m3" time="0.014"/>
  <system-out/>
  <testcase classname="testngProject.day1" name="weblogicloan" time="0.004"/>
  <system-out/>
  <testcase classname="testngProject.day1" name="weblogicloan" time="0.009"/>
  <system-out/>
  <testcase classname="testngProject.day1" name="m1" time="0.014"/>
  <system-out/>
  <testcase classname="testngProject.day1" name="weblogicloan" time="0.006"/>
  <system-out/>
  <testcase classname="testngProject.day1" name="m4" time="0.003"/>
  <system-out/>
</testsuite> <!-- testngProject.day1 -->
