<?xml version="1.0" encoding="UTF-8"?>
<!-- Generated by org.testng.reporters.JUnitReportReporter -->
<testsuite hostname="DESKTOP-4NDN0OD" failures="0" tests="1" name="com.FlipkartTests.TestCase1" time="14.891" errors="0" timestamp="2023-02-10T13:21:51 IST" skipped="0">
  <testcase classname="com.FlipkartTests.TestCase1" name="login" time="14.891"/>
  <system-out/>
</testsuite> <!-- com.FlipkartTests.TestCase1 -->
