<?xml version="1.0" encoding="UTF-8"?>
<!-- Generated by org.testng.reporters.JUnitReportReporter -->
<testsuite hostname="DESKTOP-4NDN0OD" failures="0" tests="2" name="com.day1Project.day1" time="0.018" errors="0" timestamp="2023-02-03T07:10:39 IST" skipped="0">
  <testcase classname="com.day1Project.day1" name="prerequiste" time="0.006"/>
  <system-out/>
  <testcase classname="com.day1Project.day1" name="pLoan" time="0.012"/>
  <system-out/>
</testsuite> <!-- com.day1Project.day1 -->
