<?xml version="1.0" encoding="UTF-8"?>
<!-- Generated by org.testng.reporters.JUnitReportReporter -->
<testsuite hostname="DESKTOP-4NDN0OD" failures="0" tests="3" name="com.day1Project.day4" time="0.007" errors="0" timestamp="2023-02-03T07:10:39 IST" skipped="0">
  <testcase classname="com.day1Project.day4" name="MobileLoginHomeLoan" time="0.002"/>
  <system-out/>
  <testcase classname="com.day1Project.day4" name="APIHomeLoan" time="0.002"/>
  <system-out/>
  <testcase classname="com.day1Project.day4" name="InsuranceHomeLoan" time="0.003"/>
  <system-out/>
</testsuite> <!-- com.day1Project.day4 -->
