<?xml version="1.0" encoding="UTF-8"?>
<!-- Generated by org.testng.reporters.JUnitReportReporter -->
<testsuite hostname="DESKTOP-4NDN0OD" failures="0" tests="1" name="com.day1Project.day2" time="0.002" errors="0" timestamp="2023-02-02T17:50:43 IST" skipped="0">
  <testcase classname="com.day1Project.day2" name="PersonalLoan" time="0.002"/>
  <system-out/>
</testsuite> <!-- com.day1Project.day2 -->
